  tutorial.cpp
  title.cpp
  sound.cpp
  sceneX.cpp
  sceneMeshfiled.cpp
  sceneBillBorad.cpp
  scene3D.cpp
  scene2D.cpp
  scene.cpp
  result.cpp
  renderer.cpp
  ranking.cpp
  pause.cpp
  manager.cpp
  main.cpp
  logo.cpp
  loadText.cpp
  light.cpp
  input.cpp
  imgui_widgets.cpp
  コードを生成中...
  コンパイル中...
  imgui_impl_win32.cpp
  imgui_impl_dx9.cpp
  imgui_draw.cpp
  imgui_demo.cpp
  imgui.cpp
  GUI.cpp
  gamepad.cpp
  game.cpp
  fade.cpp
  debugwindow.cpp
  camera.cpp
  bottun.cpp
  コードを生成中...
  compass(仮).vcxproj -> C:\Users\game117\Documents\GitHub\TeamC-Graduate-work\\compass(仮).exe
  compass(仮).vcxproj -> C:\Users\game117\Documents\GitHub\TeamC-Graduate-work\\compass(仮).pdb (Full PDB)
