  AIController.cpp
  audience.cpp
  barun.cpp
  bottun.cpp
  boxCollider.cpp
  bullet.cpp
  camera.cpp
  character.cpp
  charaicon.cpp
  charMultRendering.cpp
  charResult.cpp
  charSelect.cpp
  colDispSphere.cpp
  collider.cpp
  colliderManager.cpp
  cylinderCollider.cpp
  debuglog.cpp
  divisionWall.cpp
  effect3D.cpp
  effectManager.cpp
  コンパイル中...
  effecttool.cpp
  emitter.cpp
  enemy.cpp
  enemyAttackSphereCollider.cpp
  fade.cpp
  field.cpp
  fieldmanager.cpp
  fieldRender.cpp
  fieldShader.cpp
  fileLoader.cpp
  fileSaver.cpp
  functionlib.cpp
  game.cpp
  input.cpp
  instancingShader.cpp
  light.cpp
  lightorbit.cpp
  line.cpp
  loadEffect.cpp
  loadText.cpp
  コンパイル中...
  logo.cpp
  main.cpp
  manager.cpp
  meshCollider.cpp
  meshRing.cpp
  meshSphere.cpp
  mine.cpp
  minimap.cpp
  modebase.cpp
  model.cpp
  motion.cpp
  moveUI.cpp
  number2D.cpp
  objbase.cpp
  outlineShader.cpp
  particle.cpp
  player.cpp
  playerAttackSphereCollider.cpp
  playericon.cpp
  powerplayer.cpp
  コンパイル中...
  ranking.cpp
  RawMouse.cpp
  renderer.cpp
  result.cpp
  resultCharUI.cpp
  ring.cpp
  ringEffect.cpp
  ringRender.cpp
  ringShader.cpp
  robot.cpp
  robotUI.cpp
  scene.cpp
  scene2D.cpp
  scene3D.cpp
  sceneBillBorad.cpp
  sceneMeshfiled.cpp
  sceneOrbit.cpp
  sceneTriangle3D.cpp
  sceneX.cpp
  score.cpp
  コンパイル中...
  scoreChange.cpp
  scoreGauge.cpp
  screenEffect.cpp
  select.cpp
  shader.cpp
  skilicon.cpp
  sky.cpp
  sound.cpp
  speedplayer.cpp
  sphereCollider.cpp
  teqplayer.cpp
  territory.cpp
  territoryRender.cpp
  territoryShader.cpp
  textureManager.cpp
  timer.cpp
  timerlogo.cpp
  title.cpp
  tutorial.cpp
  tutorialplayer.cpp
  コンパイル中...
  tutorialpowerplayer.cpp
  tutorialspeedplayer.cpp
  tutorialteqplayer.cpp
  typePower.cpp
  typeSpeed.cpp
  typeSweeper.cpp
  UI.cpp
  コード生成しています。
  All 2140 functions were compiled because no usable IPDB/IOBJ from previous compilation was found.
  コード生成が終了しました。
  卒業制作.vcxproj -> C:\Users\game102\Documents\Visual Studio 2015\Projects\12月12日(木)結合\x64\Release\卒業制作.exe
  卒業制作.vcxproj -> C:\Users\game102\Documents\Visual Studio 2015\Projects\12月12日(木)結合\x64\Release\卒業制作.pdb (Full PDB)
