c:\users\game114\desktop\後期_卒業制作\編集用ソースコード_まとめ\03_アルファ版\01_エネミーモデル変更b\debug\vc140.pdb
c:\users\game114\desktop\後期_卒業制作\編集用ソースコード_まとめ\03_アルファ版\01_エネミーモデル変更b\debug\vc140.idb
c:\users\game114\desktop\後期_卒業制作\編集用ソースコード_まとめ\03_アルファ版\01_エネミーモデル変更b\debug\sceneorbit.obj
c:\users\game114\desktop\後期_卒業制作\編集用ソースコード_まとめ\03_アルファ版\01_エネミーモデル変更b\debug\scenetriangle3d.obj
c:\users\game114\desktop\後期_卒業制作\編集用ソースコード_まとめ\03_アルファ版\01_エネミーモデル変更b\debug\scenex.obj
c:\users\game114\desktop\後期_卒業制作\編集用ソースコード_まとめ\03_アルファ版\01_エネミーモデル変更b\debug\score.obj
c:\users\game114\desktop\後期_卒業制作\編集用ソースコード_まとめ\03_アルファ版\01_エネミーモデル変更b\debug\select.obj
c:\users\game114\desktop\後期_卒業制作\編集用ソースコード_まとめ\03_アルファ版\01_エネミーモデル変更b\debug\shader.obj
c:\users\game114\desktop\後期_卒業制作\編集用ソースコード_まとめ\03_アルファ版\01_エネミーモデル変更b\debug\skilicon.obj
c:\users\game114\desktop\後期_卒業制作\編集用ソースコード_まとめ\03_アルファ版\01_エネミーモデル変更b\debug\sound.obj
c:\users\game114\desktop\後期_卒業制作\編集用ソースコード_まとめ\03_アルファ版\01_エネミーモデル変更b\debug\speedplayer.obj
c:\users\game114\desktop\後期_卒業制作\編集用ソースコード_まとめ\03_アルファ版\01_エネミーモデル変更b\debug\spherecollider.obj
c:\users\game114\desktop\後期_卒業制作\編集用ソースコード_まとめ\03_アルファ版\01_エネミーモデル変更b\debug\teqplayer.obj
c:\users\game114\desktop\後期_卒業制作\編集用ソースコード_まとめ\03_アルファ版\01_エネミーモデル変更b\debug\territory.obj
c:\users\game114\desktop\後期_卒業制作\編集用ソースコード_まとめ\03_アルファ版\01_エネミーモデル変更b\debug\timer.obj
c:\users\game114\desktop\後期_卒業制作\編集用ソースコード_まとめ\03_アルファ版\01_エネミーモデル変更b\debug\timerlogo.obj
c:\users\game114\desktop\後期_卒業制作\編集用ソースコード_まとめ\03_アルファ版\01_エネミーモデル変更b\debug\title.obj
c:\users\game114\desktop\後期_卒業制作\編集用ソースコード_まとめ\03_アルファ版\01_エネミーモデル変更b\debug\tutorial.obj
c:\users\game114\desktop\後期_卒業制作\編集用ソースコード_まとめ\03_アルファ版\01_エネミーモデル変更b\debug\typepower.obj
c:\users\game114\desktop\後期_卒業制作\編集用ソースコード_まとめ\03_アルファ版\01_エネミーモデル変更b\debug\typespeed.obj
c:\users\game114\desktop\後期_卒業制作\編集用ソースコード_まとめ\03_アルファ版\01_エネミーモデル変更b\debug\typesweeper.obj
c:\users\game114\desktop\後期_卒業制作\編集用ソースコード_まとめ\03_アルファ版\01_エネミーモデル変更b\debug\ui.obj
c:\users\game114\desktop\後期_卒業制作\編集用ソースコード_まとめ\03_アルファ版\01_エネミーモデル変更b\debug\motion.obj
c:\users\game114\desktop\後期_卒業制作\編集用ソースコード_まとめ\03_アルファ版\01_エネミーモデル変更b\debug\moveui.obj
c:\users\game114\desktop\後期_卒業制作\編集用ソースコード_まとめ\03_アルファ版\01_エネミーモデル変更b\debug\number2d.obj
c:\users\game114\desktop\後期_卒業制作\編集用ソースコード_まとめ\03_アルファ版\01_エネミーモデル変更b\debug\objbase.obj
c:\users\game114\desktop\後期_卒業制作\編集用ソースコード_まとめ\03_アルファ版\01_エネミーモデル変更b\debug\particle.obj
c:\users\game114\desktop\後期_卒業制作\編集用ソースコード_まとめ\03_アルファ版\01_エネミーモデル変更b\debug\pause.obj
c:\users\game114\desktop\後期_卒業制作\編集用ソースコード_まとめ\03_アルファ版\01_エネミーモデル変更b\debug\player.obj
c:\users\game114\desktop\後期_卒業制作\編集用ソースコード_まとめ\03_アルファ版\01_エネミーモデル変更b\debug\playerattackspherecollider.obj
c:\users\game114\desktop\後期_卒業制作\編集用ソースコード_まとめ\03_アルファ版\01_エネミーモデル変更b\debug\playericon.obj
c:\users\game114\desktop\後期_卒業制作\編集用ソースコード_まとめ\03_アルファ版\01_エネミーモデル変更b\debug\powerplayer.obj
c:\users\game114\desktop\後期_卒業制作\編集用ソースコード_まとめ\03_アルファ版\01_エネミーモデル変更b\debug\ranking.obj
c:\users\game114\desktop\後期_卒業制作\編集用ソースコード_まとめ\03_アルファ版\01_エネミーモデル変更b\debug\rawmouse.obj
c:\users\game114\desktop\後期_卒業制作\編集用ソースコード_まとめ\03_アルファ版\01_エネミーモデル変更b\debug\renderer.obj
c:\users\game114\desktop\後期_卒業制作\編集用ソースコード_まとめ\03_アルファ版\01_エネミーモデル変更b\debug\result.obj
c:\users\game114\desktop\後期_卒業制作\編集用ソースコード_まとめ\03_アルファ版\01_エネミーモデル変更b\debug\ring.obj
c:\users\game114\desktop\後期_卒業制作\編集用ソースコード_まとめ\03_アルファ版\01_エネミーモデル変更b\debug\scene.obj
c:\users\game114\desktop\後期_卒業制作\編集用ソースコード_まとめ\03_アルファ版\01_エネミーモデル変更b\debug\scene2d.obj
c:\users\game114\desktop\後期_卒業制作\編集用ソースコード_まとめ\03_アルファ版\01_エネミーモデル変更b\debug\scene3d.obj
c:\users\game114\desktop\後期_卒業制作\編集用ソースコード_まとめ\03_アルファ版\01_エネミーモデル変更b\debug\scenebillborad.obj
c:\users\game114\desktop\後期_卒業制作\編集用ソースコード_まとめ\03_アルファ版\01_エネミーモデル変更b\debug\scenemeshfiled.obj
c:\users\game114\desktop\後期_卒業制作\編集用ソースコード_まとめ\03_アルファ版\01_エネミーモデル変更b\debug\imgui_draw.obj
c:\users\game114\desktop\後期_卒業制作\編集用ソースコード_まとめ\03_アルファ版\01_エネミーモデル変更b\debug\imgui_impl_dx9.obj
c:\users\game114\desktop\後期_卒業制作\編集用ソースコード_まとめ\03_アルファ版\01_エネミーモデル変更b\debug\imgui_impl_win32.obj
c:\users\game114\desktop\後期_卒業制作\編集用ソースコード_まとめ\03_アルファ版\01_エネミーモデル変更b\debug\imgui_widgets.obj
c:\users\game114\desktop\後期_卒業制作\編集用ソースコード_まとめ\03_アルファ版\01_エネミーモデル変更b\debug\input.obj
c:\users\game114\desktop\後期_卒業制作\編集用ソースコード_まとめ\03_アルファ版\01_エネミーモデル変更b\debug\inputmouce.obj
c:\users\game114\desktop\後期_卒業制作\編集用ソースコード_まとめ\03_アルファ版\01_エネミーモデル変更b\debug\instancingshader.obj
c:\users\game114\desktop\後期_卒業制作\編集用ソースコード_まとめ\03_アルファ版\01_エネミーモデル変更b\debug\light.obj
c:\users\game114\desktop\後期_卒業制作\編集用ソースコード_まとめ\03_アルファ版\01_エネミーモデル変更b\debug\line.obj
c:\users\game114\desktop\後期_卒業制作\編集用ソースコード_まとめ\03_アルファ版\01_エネミーモデル変更b\debug\loadeffect.obj
c:\users\game114\desktop\後期_卒業制作\編集用ソースコード_まとめ\03_アルファ版\01_エネミーモデル変更b\debug\loadtext.obj
c:\users\game114\desktop\後期_卒業制作\編集用ソースコード_まとめ\03_アルファ版\01_エネミーモデル変更b\debug\logo.obj
c:\users\game114\desktop\後期_卒業制作\編集用ソースコード_まとめ\03_アルファ版\01_エネミーモデル変更b\debug\main.obj
c:\users\game114\desktop\後期_卒業制作\編集用ソースコード_まとめ\03_アルファ版\01_エネミーモデル変更b\debug\manager.obj
c:\users\game114\desktop\後期_卒業制作\編集用ソースコード_まとめ\03_アルファ版\01_エネミーモデル変更b\debug\meshcollider.obj
c:\users\game114\desktop\後期_卒業制作\編集用ソースコード_まとめ\03_アルファ版\01_エネミーモデル変更b\debug\meshsphere.obj
c:\users\game114\desktop\後期_卒業制作\編集用ソースコード_まとめ\03_アルファ版\01_エネミーモデル変更b\debug\mine.obj
c:\users\game114\desktop\後期_卒業制作\編集用ソースコード_まとめ\03_アルファ版\01_エネミーモデル変更b\debug\minimap.obj
c:\users\game114\desktop\後期_卒業制作\編集用ソースコード_まとめ\03_アルファ版\01_エネミーモデル変更b\debug\modebase.obj
c:\users\game114\desktop\後期_卒業制作\編集用ソースコード_まとめ\03_アルファ版\01_エネミーモデル変更b\debug\model.obj
c:\users\game114\desktop\後期_卒業制作\編集用ソースコード_まとめ\03_アルファ版\01_エネミーモデル変更b\debug\charselect.obj
c:\users\game114\desktop\後期_卒業制作\編集用ソースコード_まとめ\03_アルファ版\01_エネミーモデル変更b\debug\coldispsphere.obj
c:\users\game114\desktop\後期_卒業制作\編集用ソースコード_まとめ\03_アルファ版\01_エネミーモデル変更b\debug\collider.obj
c:\users\game114\desktop\後期_卒業制作\編集用ソースコード_まとめ\03_アルファ版\01_エネミーモデル変更b\debug\collidermanager.obj
c:\users\game114\desktop\後期_卒業制作\編集用ソースコード_まとめ\03_アルファ版\01_エネミーモデル変更b\debug\cylindercollider.obj
c:\users\game114\desktop\後期_卒業制作\編集用ソースコード_まとめ\03_アルファ版\01_エネミーモデル変更b\debug\debugwindow.obj
c:\users\game114\desktop\後期_卒業制作\編集用ソースコード_まとめ\03_アルファ版\01_エネミーモデル変更b\debug\effecttool.obj
c:\users\game114\desktop\後期_卒業制作\編集用ソースコード_まとめ\03_アルファ版\01_エネミーモデル変更b\debug\enemy.obj
c:\users\game114\desktop\後期_卒業制作\編集用ソースコード_まとめ\03_アルファ版\01_エネミーモデル変更b\debug\enemyattackspherecollider.obj
c:\users\game114\desktop\後期_卒業制作\編集用ソースコード_まとめ\03_アルファ版\01_エネミーモデル変更b\debug\fade.obj
c:\users\game114\desktop\後期_卒業制作\編集用ソースコード_まとめ\03_アルファ版\01_エネミーモデル変更b\debug\field.obj
c:\users\game114\desktop\後期_卒業制作\編集用ソースコード_まとめ\03_アルファ版\01_エネミーモデル変更b\debug\fieldmanager.obj
c:\users\game114\desktop\後期_卒業制作\編集用ソースコード_まとめ\03_アルファ版\01_エネミーモデル変更b\debug\fileloader.obj
c:\users\game114\desktop\後期_卒業制作\編集用ソースコード_まとめ\03_アルファ版\01_エネミーモデル変更b\debug\filesaver.obj
c:\users\game114\desktop\後期_卒業制作\編集用ソースコード_まとめ\03_アルファ版\01_エネミーモデル変更b\debug\functionlib.obj
c:\users\game114\desktop\後期_卒業制作\編集用ソースコード_まとめ\03_アルファ版\01_エネミーモデル変更b\debug\game.obj
c:\users\game114\desktop\後期_卒業制作\編集用ソースコード_まとめ\03_アルファ版\01_エネミーモデル変更b\debug\gamepad.obj
c:\users\game114\desktop\後期_卒業制作\編集用ソースコード_まとめ\03_アルファ版\01_エネミーモデル変更b\debug\gui.obj
c:\users\game114\desktop\後期_卒業制作\編集用ソースコード_まとめ\03_アルファ版\01_エネミーモデル変更b\debug\imgui.obj
c:\users\game114\desktop\後期_卒業制作\編集用ソースコード_まとめ\03_アルファ版\01_エネミーモデル変更b\debug\imgui_demo.obj
c:\users\game114\desktop\後期_卒業制作\編集用ソースコード_まとめ\03_アルファ版\01_エネミーモデル変更b\debug\aicontroller.obj
c:\users\game114\desktop\後期_卒業制作\編集用ソースコード_まとめ\03_アルファ版\01_エネミーモデル変更b\debug\audience.obj
c:\users\game114\desktop\後期_卒業制作\編集用ソースコード_まとめ\03_アルファ版\01_エネミーモデル変更b\debug\bottun.obj
c:\users\game114\desktop\後期_卒業制作\編集用ソースコード_まとめ\03_アルファ版\01_エネミーモデル変更b\debug\boxcollider.obj
c:\users\game114\desktop\後期_卒業制作\編集用ソースコード_まとめ\03_アルファ版\01_エネミーモデル変更b\debug\camera.obj
c:\users\game114\desktop\後期_卒業制作\編集用ソースコード_まとめ\03_アルファ版\01_エネミーモデル変更b\debug\character.obj
c:\users\game114\desktop\後期_卒業制作\編集用ソースコード_まとめ\03_アルファ版\01_エネミーモデル変更b\debug\charmultrendering.obj
c:\users\game114\desktop\後期_卒業制作\編集用ソースコード_まとめ\03_アルファ版\01_エネミーモデル変更b\debug\charresult.obj
c:\users\game114\desktop\後期_卒業制作\編集用ソースコード_まとめ\03_アルファ版\02_ai調整\debug\vc140.pdb
c:\users\game114\desktop\後期_卒業制作\編集用ソースコード_まとめ\03_アルファ版\02_ai調整\debug\vc140.idb
c:\users\game114\desktop\後期_卒業制作\編集用ソースコード_まとめ\03_アルファ版\02_ai調整\debug\sceneorbit.obj
c:\users\game114\desktop\後期_卒業制作\編集用ソースコード_まとめ\03_アルファ版\02_ai調整\debug\scenetriangle3d.obj
c:\users\game114\desktop\後期_卒業制作\編集用ソースコード_まとめ\03_アルファ版\02_ai調整\debug\scenex.obj
c:\users\game114\desktop\後期_卒業制作\編集用ソースコード_まとめ\03_アルファ版\02_ai調整\debug\score.obj
c:\users\game114\desktop\後期_卒業制作\編集用ソースコード_まとめ\03_アルファ版\02_ai調整\debug\select.obj
c:\users\game114\desktop\後期_卒業制作\編集用ソースコード_まとめ\03_アルファ版\02_ai調整\debug\shader.obj
c:\users\game114\desktop\後期_卒業制作\編集用ソースコード_まとめ\03_アルファ版\02_ai調整\debug\skilicon.obj
c:\users\game114\desktop\後期_卒業制作\編集用ソースコード_まとめ\03_アルファ版\02_ai調整\debug\sound.obj
c:\users\game114\desktop\後期_卒業制作\編集用ソースコード_まとめ\03_アルファ版\02_ai調整\debug\speedplayer.obj
c:\users\game114\desktop\後期_卒業制作\編集用ソースコード_まとめ\03_アルファ版\02_ai調整\debug\spherecollider.obj
c:\users\game114\desktop\後期_卒業制作\編集用ソースコード_まとめ\03_アルファ版\02_ai調整\debug\teqplayer.obj
c:\users\game114\desktop\後期_卒業制作\編集用ソースコード_まとめ\03_アルファ版\02_ai調整\debug\territory.obj
c:\users\game114\desktop\後期_卒業制作\編集用ソースコード_まとめ\03_アルファ版\02_ai調整\debug\timer.obj
c:\users\game114\desktop\後期_卒業制作\編集用ソースコード_まとめ\03_アルファ版\02_ai調整\debug\timerlogo.obj
c:\users\game114\desktop\後期_卒業制作\編集用ソースコード_まとめ\03_アルファ版\02_ai調整\debug\title.obj
c:\users\game114\desktop\後期_卒業制作\編集用ソースコード_まとめ\03_アルファ版\02_ai調整\debug\tutorial.obj
c:\users\game114\desktop\後期_卒業制作\編集用ソースコード_まとめ\03_アルファ版\02_ai調整\debug\typepower.obj
c:\users\game114\desktop\後期_卒業制作\編集用ソースコード_まとめ\03_アルファ版\02_ai調整\debug\typespeed.obj
c:\users\game114\desktop\後期_卒業制作\編集用ソースコード_まとめ\03_アルファ版\02_ai調整\debug\typesweeper.obj
c:\users\game114\desktop\後期_卒業制作\編集用ソースコード_まとめ\03_アルファ版\02_ai調整\debug\ui.obj
c:\users\game114\desktop\後期_卒業制作\編集用ソースコード_まとめ\03_アルファ版\02_ai調整\debug\motion.obj
c:\users\game114\desktop\後期_卒業制作\編集用ソースコード_まとめ\03_アルファ版\02_ai調整\debug\moveui.obj
c:\users\game114\desktop\後期_卒業制作\編集用ソースコード_まとめ\03_アルファ版\02_ai調整\debug\number2d.obj
c:\users\game114\desktop\後期_卒業制作\編集用ソースコード_まとめ\03_アルファ版\02_ai調整\debug\objbase.obj
c:\users\game114\desktop\後期_卒業制作\編集用ソースコード_まとめ\03_アルファ版\02_ai調整\debug\particle.obj
c:\users\game114\desktop\後期_卒業制作\編集用ソースコード_まとめ\03_アルファ版\02_ai調整\debug\pause.obj
c:\users\game114\desktop\後期_卒業制作\編集用ソースコード_まとめ\03_アルファ版\02_ai調整\debug\player.obj
c:\users\game114\desktop\後期_卒業制作\編集用ソースコード_まとめ\03_アルファ版\02_ai調整\debug\playerattackspherecollider.obj
c:\users\game114\desktop\後期_卒業制作\編集用ソースコード_まとめ\03_アルファ版\02_ai調整\debug\playericon.obj
c:\users\game114\desktop\後期_卒業制作\編集用ソースコード_まとめ\03_アルファ版\02_ai調整\debug\powerplayer.obj
c:\users\game114\desktop\後期_卒業制作\編集用ソースコード_まとめ\03_アルファ版\02_ai調整\debug\ranking.obj
c:\users\game114\desktop\後期_卒業制作\編集用ソースコード_まとめ\03_アルファ版\02_ai調整\debug\rawmouse.obj
c:\users\game114\desktop\後期_卒業制作\編集用ソースコード_まとめ\03_アルファ版\02_ai調整\debug\renderer.obj
c:\users\game114\desktop\後期_卒業制作\編集用ソースコード_まとめ\03_アルファ版\02_ai調整\debug\result.obj
c:\users\game114\desktop\後期_卒業制作\編集用ソースコード_まとめ\03_アルファ版\02_ai調整\debug\ring.obj
c:\users\game114\desktop\後期_卒業制作\編集用ソースコード_まとめ\03_アルファ版\02_ai調整\debug\scene.obj
c:\users\game114\desktop\後期_卒業制作\編集用ソースコード_まとめ\03_アルファ版\02_ai調整\debug\scene2d.obj
c:\users\game114\desktop\後期_卒業制作\編集用ソースコード_まとめ\03_アルファ版\02_ai調整\debug\scene3d.obj
c:\users\game114\desktop\後期_卒業制作\編集用ソースコード_まとめ\03_アルファ版\02_ai調整\debug\scenebillborad.obj
c:\users\game114\desktop\後期_卒業制作\編集用ソースコード_まとめ\03_アルファ版\02_ai調整\debug\scenemeshfiled.obj
c:\users\game114\desktop\後期_卒業制作\編集用ソースコード_まとめ\03_アルファ版\02_ai調整\debug\imgui_draw.obj
c:\users\game114\desktop\後期_卒業制作\編集用ソースコード_まとめ\03_アルファ版\02_ai調整\debug\imgui_impl_dx9.obj
c:\users\game114\desktop\後期_卒業制作\編集用ソースコード_まとめ\03_アルファ版\02_ai調整\debug\imgui_impl_win32.obj
c:\users\game114\desktop\後期_卒業制作\編集用ソースコード_まとめ\03_アルファ版\02_ai調整\debug\imgui_widgets.obj
c:\users\game114\desktop\後期_卒業制作\編集用ソースコード_まとめ\03_アルファ版\02_ai調整\debug\input.obj
c:\users\game114\desktop\後期_卒業制作\編集用ソースコード_まとめ\03_アルファ版\02_ai調整\debug\inputmouce.obj
c:\users\game114\desktop\後期_卒業制作\編集用ソースコード_まとめ\03_アルファ版\02_ai調整\debug\instancingshader.obj
c:\users\game114\desktop\後期_卒業制作\編集用ソースコード_まとめ\03_アルファ版\02_ai調整\debug\light.obj
c:\users\game114\desktop\後期_卒業制作\編集用ソースコード_まとめ\03_アルファ版\02_ai調整\debug\line.obj
c:\users\game114\desktop\後期_卒業制作\編集用ソースコード_まとめ\03_アルファ版\02_ai調整\debug\loadeffect.obj
c:\users\game114\desktop\後期_卒業制作\編集用ソースコード_まとめ\03_アルファ版\02_ai調整\debug\loadtext.obj
c:\users\game114\desktop\後期_卒業制作\編集用ソースコード_まとめ\03_アルファ版\02_ai調整\debug\logo.obj
c:\users\game114\desktop\後期_卒業制作\編集用ソースコード_まとめ\03_アルファ版\02_ai調整\debug\main.obj
c:\users\game114\desktop\後期_卒業制作\編集用ソースコード_まとめ\03_アルファ版\02_ai調整\debug\manager.obj
c:\users\game114\desktop\後期_卒業制作\編集用ソースコード_まとめ\03_アルファ版\02_ai調整\debug\meshcollider.obj
c:\users\game114\desktop\後期_卒業制作\編集用ソースコード_まとめ\03_アルファ版\02_ai調整\debug\meshsphere.obj
c:\users\game114\desktop\後期_卒業制作\編集用ソースコード_まとめ\03_アルファ版\02_ai調整\debug\mine.obj
c:\users\game114\desktop\後期_卒業制作\編集用ソースコード_まとめ\03_アルファ版\02_ai調整\debug\minimap.obj
c:\users\game114\desktop\後期_卒業制作\編集用ソースコード_まとめ\03_アルファ版\02_ai調整\debug\modebase.obj
c:\users\game114\desktop\後期_卒業制作\編集用ソースコード_まとめ\03_アルファ版\02_ai調整\debug\model.obj
c:\users\game114\desktop\後期_卒業制作\編集用ソースコード_まとめ\03_アルファ版\02_ai調整\debug\charselect.obj
c:\users\game114\desktop\後期_卒業制作\編集用ソースコード_まとめ\03_アルファ版\02_ai調整\debug\coldispsphere.obj
c:\users\game114\desktop\後期_卒業制作\編集用ソースコード_まとめ\03_アルファ版\02_ai調整\debug\collider.obj
c:\users\game114\desktop\後期_卒業制作\編集用ソースコード_まとめ\03_アルファ版\02_ai調整\debug\collidermanager.obj
c:\users\game114\desktop\後期_卒業制作\編集用ソースコード_まとめ\03_アルファ版\02_ai調整\debug\cylindercollider.obj
c:\users\game114\desktop\後期_卒業制作\編集用ソースコード_まとめ\03_アルファ版\02_ai調整\debug\debugwindow.obj
c:\users\game114\desktop\後期_卒業制作\編集用ソースコード_まとめ\03_アルファ版\02_ai調整\debug\effecttool.obj
c:\users\game114\desktop\後期_卒業制作\編集用ソースコード_まとめ\03_アルファ版\02_ai調整\debug\enemy.obj
c:\users\game114\desktop\後期_卒業制作\編集用ソースコード_まとめ\03_アルファ版\02_ai調整\debug\enemyattackspherecollider.obj
c:\users\game114\desktop\後期_卒業制作\編集用ソースコード_まとめ\03_アルファ版\02_ai調整\debug\fade.obj
c:\users\game114\desktop\後期_卒業制作\編集用ソースコード_まとめ\03_アルファ版\02_ai調整\debug\field.obj
c:\users\game114\desktop\後期_卒業制作\編集用ソースコード_まとめ\03_アルファ版\02_ai調整\debug\fieldmanager.obj
c:\users\game114\desktop\後期_卒業制作\編集用ソースコード_まとめ\03_アルファ版\02_ai調整\debug\fileloader.obj
c:\users\game114\desktop\後期_卒業制作\編集用ソースコード_まとめ\03_アルファ版\02_ai調整\debug\filesaver.obj
c:\users\game114\desktop\後期_卒業制作\編集用ソースコード_まとめ\03_アルファ版\02_ai調整\debug\functionlib.obj
c:\users\game114\desktop\後期_卒業制作\編集用ソースコード_まとめ\03_アルファ版\02_ai調整\debug\game.obj
c:\users\game114\desktop\後期_卒業制作\編集用ソースコード_まとめ\03_アルファ版\02_ai調整\debug\gamepad.obj
c:\users\game114\desktop\後期_卒業制作\編集用ソースコード_まとめ\03_アルファ版\02_ai調整\debug\gui.obj
c:\users\game114\desktop\後期_卒業制作\編集用ソースコード_まとめ\03_アルファ版\02_ai調整\debug\imgui.obj
c:\users\game114\desktop\後期_卒業制作\編集用ソースコード_まとめ\03_アルファ版\02_ai調整\debug\imgui_demo.obj
c:\users\game114\desktop\後期_卒業制作\編集用ソースコード_まとめ\03_アルファ版\02_ai調整\debug\aicontroller.obj
c:\users\game114\desktop\後期_卒業制作\編集用ソースコード_まとめ\03_アルファ版\02_ai調整\debug\audience.obj
c:\users\game114\desktop\後期_卒業制作\編集用ソースコード_まとめ\03_アルファ版\02_ai調整\debug\bottun.obj
c:\users\game114\desktop\後期_卒業制作\編集用ソースコード_まとめ\03_アルファ版\02_ai調整\debug\boxcollider.obj
c:\users\game114\desktop\後期_卒業制作\編集用ソースコード_まとめ\03_アルファ版\02_ai調整\debug\camera.obj
c:\users\game114\desktop\後期_卒業制作\編集用ソースコード_まとめ\03_アルファ版\02_ai調整\debug\character.obj
c:\users\game114\desktop\後期_卒業制作\編集用ソースコード_まとめ\03_アルファ版\02_ai調整\debug\charmultrendering.obj
c:\users\game114\desktop\後期_卒業制作\編集用ソースコード_まとめ\03_アルファ版\02_ai調整\debug\charresult.obj
c:\users\game114\desktop\後期_卒業制作\編集用ソースコード_まとめ\03_アルファ版\01_エネミーモデル変更b\debug\卒業制作.ilk
c:\users\game114\desktop\後期_卒業制作\編集用ソースコード_まとめ\03_アルファ版\01_エネミーモデル変更b\debug\卒業制作.exe
c:\users\game114\desktop\後期_卒業制作\編集用ソースコード_まとめ\03_アルファ版\01_エネミーモデル変更b\debug\卒業制作.pdb
c:\users\game114\desktop\後期_卒業制作\編集用ソースコード_まとめ\03_アルファ版\02_ai調整\debug\卒業制作.ilk
c:\users\game114\desktop\後期_卒業制作\編集用ソースコード_まとめ\03_アルファ版\02_ai調整\debug\卒業制作.exe
c:\users\game114\desktop\後期_卒業制作\編集用ソースコード_まとめ\03_アルファ版\02_ai調整\debug\卒業制作.pdb
c:\users\game114\desktop\後期_卒業制作\編集用ソースコード_まとめ\03_アルファ版\02_ai調整\debug\卒業制作.tlog\cl.command.1.tlog
c:\users\game114\desktop\後期_卒業制作\編集用ソースコード_まとめ\03_アルファ版\02_ai調整\debug\卒業制作.tlog\cl.read.1.tlog
c:\users\game114\desktop\後期_卒業制作\編集用ソースコード_まとめ\03_アルファ版\02_ai調整\debug\卒業制作.tlog\cl.write.1.tlog
c:\users\game114\desktop\後期_卒業制作\編集用ソースコード_まとめ\03_アルファ版\02_ai調整\debug\卒業制作.tlog\link.command.1.tlog
c:\users\game114\desktop\後期_卒業制作\編集用ソースコード_まとめ\03_アルファ版\02_ai調整\debug\卒業制作.tlog\link.read.1.tlog
c:\users\game114\desktop\後期_卒業制作\編集用ソースコード_まとめ\03_アルファ版\02_ai調整\debug\卒業制作.tlog\link.write.1.tlog
