  speedplayer.cpp
  コードを生成中...
  スキップ中... (関連する変更は検出されませんでした)
  typeSweeper.cpp
  typeSpeed.cpp
  typePower.cpp
  tutorial.cpp
  title.cpp
  timerlogo.cpp
  timer.cpp
  territory.cpp
  teqplayer.cpp
  sphereCollider.cpp
  skilicon.cpp
  shader.cpp
  select.cpp
  score.cpp
  sceneX.cpp
  sceneTriangle3D.cpp
  sceneOrbit.cpp
  sceneMeshfiled.cpp
  sceneBillBorad.cpp
  scene3D.cpp
  scene2D.cpp
  scene.cpp
  ring.cpp
  resultCharUI.cpp
  result.cpp
  renderer.cpp
  ranking.cpp
  powerplayer.cpp
  playericon.cpp
  playerAttackSphereCollider.cpp
  player.cpp
  pause.cpp
  particle.cpp
  objbase.cpp
  number2D.cpp
  moveUI.cpp
  motion.cpp
  model.cpp
  modebase.cpp
  minimap.cpp
  mine.cpp
  meshSphere.cpp
  meshCollider.cpp
  manager.cpp
  logo.cpp
  loadText.cpp
  loadEffect.cpp
  line.cpp
  light.cpp
  instancingShader.cpp
  game.cpp
  fieldmanager.cpp
  field.cpp
  fade.cpp
  enemyAttackSphereCollider.cpp
  enemy.cpp
  effecttool.cpp
  cylinderCollider.cpp
  colliderManager.cpp
  collider.cpp
  colDispSphere.cpp
  character.cpp
  charSelect.cpp
  charResult.cpp
  charMultRendering.cpp
  camera.cpp
  boxCollider.cpp
  bottun.cpp
  audience.cpp
  UI.cpp
  卒業制作.vcxproj -> C:\Users\game133\Desktop\卒業制作\Debug\卒業制作.exe
  卒業制作.vcxproj -> C:\Users\game133\Desktop\卒業制作\Debug\卒業制作.pdb (Full PDB)
