c:\users\game114\desktop\後期_卒業制作\編集用ソースコード_まとめ\3_モーションクラス設計\debug\vc140.pdb
c:\users\game114\desktop\後期_卒業制作\編集用ソースコード_まとめ\3_モーションクラス設計\debug\vc140.idb
c:\users\game114\desktop\後期_卒業制作\編集用ソースコード_まとめ\3_モーションクラス設計\debug\manager.obj
c:\users\game114\desktop\後期_卒業制作\編集用ソースコード_まとめ\3_モーションクラス設計\debug\modebase.obj
c:\users\game114\desktop\後期_卒業制作\編集用ソースコード_まとめ\3_モーションクラス設計\debug\model.obj
c:\users\game114\desktop\後期_卒業制作\編集用ソースコード_まとめ\3_モーションクラス設計\debug\motion.obj
c:\users\game114\desktop\後期_卒業制作\編集用ソースコード_まとめ\3_モーションクラス設計\debug\number2d.obj
c:\users\game114\desktop\後期_卒業制作\編集用ソースコード_まとめ\3_モーションクラス設計\debug\pause.obj
c:\users\game114\desktop\後期_卒業制作\編集用ソースコード_まとめ\3_モーションクラス設計\debug\ranking.obj
c:\users\game114\desktop\後期_卒業制作\編集用ソースコード_まとめ\3_モーションクラス設計\debug\renderer.obj
c:\users\game114\desktop\後期_卒業制作\編集用ソースコード_まとめ\3_モーションクラス設計\debug\result.obj
c:\users\game114\desktop\後期_卒業制作\編集用ソースコード_まとめ\3_モーションクラス設計\debug\scene.obj
c:\users\game114\desktop\後期_卒業制作\編集用ソースコード_まとめ\3_モーションクラス設計\debug\scene2d.obj
c:\users\game114\desktop\後期_卒業制作\編集用ソースコード_まとめ\3_モーションクラス設計\debug\scene3d.obj
c:\users\game114\desktop\後期_卒業制作\編集用ソースコード_まとめ\3_モーションクラス設計\debug\scenebillborad.obj
c:\users\game114\desktop\後期_卒業制作\編集用ソースコード_まとめ\3_モーションクラス設計\debug\scenemeshfiled.obj
c:\users\game114\desktop\後期_卒業制作\編集用ソースコード_まとめ\3_モーションクラス設計\debug\scenex.obj
c:\users\game114\desktop\後期_卒業制作\編集用ソースコード_まとめ\3_モーションクラス設計\debug\score.obj
c:\users\game114\desktop\後期_卒業制作\編集用ソースコード_まとめ\3_モーションクラス設計\debug\select.obj
c:\users\game114\desktop\後期_卒業制作\編集用ソースコード_まとめ\3_モーションクラス設計\debug\sound.obj
c:\users\game114\desktop\後期_卒業制作\編集用ソースコード_まとめ\3_モーションクラス設計\debug\title.obj
c:\users\game114\desktop\後期_卒業制作\編集用ソースコード_まとめ\3_モーションクラス設計\debug\tutorial.obj
c:\users\game114\desktop\後期_卒業制作\編集用ソースコード_まとめ\3_モーションクラス設計\debug\bottun.obj
c:\users\game114\desktop\後期_卒業制作\編集用ソースコード_まとめ\3_モーションクラス設計\debug\camera.obj
c:\users\game114\desktop\後期_卒業制作\編集用ソースコード_まとめ\3_モーションクラス設計\debug\character.obj
c:\users\game114\desktop\後期_卒業制作\編集用ソースコード_まとめ\3_モーションクラス設計\debug\debugwindow.obj
c:\users\game114\desktop\後期_卒業制作\編集用ソースコード_まとめ\3_モーションクラス設計\debug\fade.obj
c:\users\game114\desktop\後期_卒業制作\編集用ソースコード_まとめ\3_モーションクラス設計\debug\game.obj
c:\users\game114\desktop\後期_卒業制作\編集用ソースコード_まとめ\3_モーションクラス設計\debug\gamepad.obj
c:\users\game114\desktop\後期_卒業制作\編集用ソースコード_まとめ\3_モーションクラス設計\debug\gui.obj
c:\users\game114\desktop\後期_卒業制作\編集用ソースコード_まとめ\3_モーションクラス設計\debug\imgui.obj
c:\users\game114\desktop\後期_卒業制作\編集用ソースコード_まとめ\3_モーションクラス設計\debug\imgui_demo.obj
c:\users\game114\desktop\後期_卒業制作\編集用ソースコード_まとめ\3_モーションクラス設計\debug\imgui_draw.obj
c:\users\game114\desktop\後期_卒業制作\編集用ソースコード_まとめ\3_モーションクラス設計\debug\imgui_impl_dx9.obj
c:\users\game114\desktop\後期_卒業制作\編集用ソースコード_まとめ\3_モーションクラス設計\debug\imgui_impl_win32.obj
c:\users\game114\desktop\後期_卒業制作\編集用ソースコード_まとめ\3_モーションクラス設計\debug\imgui_widgets.obj
c:\users\game114\desktop\後期_卒業制作\編集用ソースコード_まとめ\3_モーションクラス設計\debug\input.obj
c:\users\game114\desktop\後期_卒業制作\編集用ソースコード_まとめ\3_モーションクラス設計\debug\light.obj
c:\users\game114\desktop\後期_卒業制作\編集用ソースコード_まとめ\3_モーションクラス設計\debug\loadtext.obj
c:\users\game114\desktop\後期_卒業制作\編集用ソースコード_まとめ\3_モーションクラス設計\debug\logo.obj
c:\users\game114\desktop\後期_卒業制作\編集用ソースコード_まとめ\3_モーションクラス設計\debug\main.obj
c:\users\game114\desktop\後期_卒業制作\編集用ソースコード_まとめ\3_モーションクラス設計\debug\1_フレームワーク.ilk
c:\users\game114\desktop\後期_卒業制作\編集用ソースコード_まとめ\3_モーションクラス設計\debug\1_フレームワーク.exe
c:\users\game114\desktop\後期_卒業制作\編集用ソースコード_まとめ\3_モーションクラス設計\debug\1_フレームワーク.pdb
c:\users\game114\desktop\後期_卒業制作\編集用ソースコード_まとめ\3_モーションクラス設計\debug\1_フレームワーク.tlog\cl.command.1.tlog
c:\users\game114\desktop\後期_卒業制作\編集用ソースコード_まとめ\3_モーションクラス設計\debug\1_フレームワーク.tlog\cl.read.1.tlog
c:\users\game114\desktop\後期_卒業制作\編集用ソースコード_まとめ\3_モーションクラス設計\debug\1_フレームワーク.tlog\cl.write.1.tlog
c:\users\game114\desktop\後期_卒業制作\編集用ソースコード_まとめ\3_モーションクラス設計\debug\1_フレームワーク.tlog\link.command.1.tlog
c:\users\game114\desktop\後期_卒業制作\編集用ソースコード_まとめ\3_モーションクラス設計\debug\1_フレームワーク.tlog\link.read.1.tlog
c:\users\game114\desktop\後期_卒業制作\編集用ソースコード_まとめ\3_モーションクラス設計\debug\1_フレームワーク.tlog\link.write.1.tlog
