  UI.cpp
  audience.cpp
  bottun.cpp
  boxCollider.cpp
  camera.cpp
  charMultRendering.cpp
  charResult.cpp
  charSelect.cpp
  character.cpp
  colDispSphere.cpp
  collider.cpp
  colliderManager.cpp
  cylinderCollider.cpp
  effecttool.cpp
  enemy.cpp
  enemyAttackSphereCollider.cpp
  fade.cpp
  field.cpp
  fieldmanager.cpp
  game.cpp
  コンパイル中...
  instancingShader.cpp
  light.cpp
  line.cpp
  loadEffect.cpp
  loadText.cpp
  logo.cpp
  manager.cpp
  meshCollider.cpp
  meshSphere.cpp
  mine.cpp
  minimap.cpp
  modebase.cpp
  model.cpp
  motion.cpp
  moveUI.cpp
  number2D.cpp
  objbase.cpp
  particle.cpp
  pause.cpp
  player.cpp
  コンパイル中...
  playerAttackSphereCollider.cpp
  playericon.cpp
  powerplayer.cpp
  ranking.cpp
  renderer.cpp
  result.cpp
  resultCharUI.cpp
  ring.cpp
  scene.cpp
  scene2D.cpp
  scene3D.cpp
  sceneBillBorad.cpp
  sceneMeshfiled.cpp
  sceneOrbit.cpp
  sceneTriangle3D.cpp
  sceneX.cpp
  score.cpp
  select.cpp
  shader.cpp
  skilicon.cpp
  コンパイル中...
  speedplayer.cpp
  sphereCollider.cpp
  teqplayer.cpp
  territory.cpp
  timer.cpp
  timerlogo.cpp
  title.cpp
  tutorial.cpp
  typePower.cpp
  typeSpeed.cpp
  typeSweeper.cpp
  コード生成しています。
  16 of 1289 functions ( 1.2%) were compiled, the rest were copied from previous compilation.
    0 functions were new in current compilation
    14 functions had inline decision re-evaluated but remain unchanged
  コード生成が終了しました。
  卒業制作.vcxproj -> C:\Users\game133\Desktop\卒業制作\Release\卒業制作.exe
  卒業制作.vcxproj -> C:\Users\game133\Desktop\卒業制作\Release\卒業制作.pdb (Full PDB)
