  camera.cpp
  character.cpp
  debugwindow.cpp
  effecttool.cpp
  enemy.cpp
  field.cpp
  fieldmanager.cpp
  game.cpp
  inputmouce.cpp
  light.cpp
  line.cpp
  loadEffect.cpp
  loadText.cpp
  manager.cpp
  mine.cpp
  minimap.cpp
  motion.cpp
  particle.cpp
  pause.cpp
  player.cpp
  コンパイル中...
  powerplayer.cpp
  select.cpp
  speedplayer.cpp
  territory.cpp
  timer.cpp
  title.cpp
  コード生成しています。
  122 of 1909 functions ( 6.4%) were compiled, the rest were copied from previous compilation.
    17 functions were new in current compilation
    32 functions had inline decision re-evaluated but remain unchanged
  コード生成が終了しました。
  卒業制作.vcxproj -> C:\Users\game133\Desktop\卒業制作\Release\卒業制作.exe
  卒業制作.vcxproj -> C:\Users\game133\Desktop\卒業制作\Release\卒業制作.pdb (Full PDB)
