  bottun.cpp
  boxCollider.cpp
  camera.cpp
  character.cpp
  colDispSphere.cpp
  collider.cpp
  colliderManager.cpp
  cylinderCollider.cpp
  debugwindow.cpp
  effecttool.cpp
  enemy.cpp
  enemyAttackSphereCollider.cpp
  fade.cpp
  field.cpp
  fieldmanager.cpp
  game.cpp
  gamepad.cpp
  GUI.cpp
  input.cpp
  inputmouce.cpp
  コンパイル中...
  light.cpp
  line.cpp
  loadEffect.cpp
  loadText.cpp
  logo.cpp
  main.cpp
  manager.cpp
  meshCollider.cpp
  meshSphere.cpp
  minimap.cpp
  modebase.cpp
  model.cpp
  motion.cpp
  moveUI.cpp
  number2D.cpp
  objbase.cpp
  particle.cpp
  pause.cpp
  player.cpp
  playerAttackSphereCollider.cpp
  コンパイル中...
  playericon.cpp
  powerplayer.cpp
  ranking.cpp
  renderer.cpp
  result.cpp
  scene.cpp
  scene2D.cpp
  scene3D.cpp
  sceneBillBorad.cpp
  sceneMeshfiled.cpp
  sceneOrbit.cpp
  sceneX.cpp
  score.cpp
  select.cpp
  speedplayer.cpp
  sphereCollider.cpp
  territory.cpp
  timer.cpp
  timerlogo.cpp
  title.cpp
  コンパイル中...
  tutorial.cpp
  コード生成しています。
  296 of 1781 functions (16.6%) were compiled, the rest were copied from previous compilation.
    86 functions were new in current compilation
    171 functions had inline decision re-evaluated but remain unchanged
  コード生成が終了しました。
  卒業制作.vcxproj -> C:\Users\game133\Desktop\卒業制作\Release\卒業制作.exe
  卒業制作.vcxproj -> C:\Users\game133\Desktop\卒業制作\Release\卒業制作.pdb (Full PDB)
