c:\users\game114\desktop\後期_卒業制作\編集用ソースコード_まとめ\02_プレアルファ版\01_プレアルファ版\debug\vc140.pdb
c:\users\game114\desktop\後期_卒業制作\編集用ソースコード_まとめ\02_プレアルファ版\01_プレアルファ版\debug\vc140.idb
c:\users\game114\desktop\後期_卒業制作\編集用ソースコード_まとめ\02_プレアルファ版\01_プレアルファ版\debug\renderer.obj
c:\users\game114\desktop\後期_卒業制作\編集用ソースコード_まとめ\02_プレアルファ版\01_プレアルファ版\debug\result.obj
c:\users\game114\desktop\後期_卒業制作\編集用ソースコード_まとめ\02_プレアルファ版\01_プレアルファ版\debug\scene.obj
c:\users\game114\desktop\後期_卒業制作\編集用ソースコード_まとめ\02_プレアルファ版\01_プレアルファ版\debug\scene2d.obj
c:\users\game114\desktop\後期_卒業制作\編集用ソースコード_まとめ\02_プレアルファ版\01_プレアルファ版\debug\scene3d.obj
c:\users\game114\desktop\後期_卒業制作\編集用ソースコード_まとめ\02_プレアルファ版\01_プレアルファ版\debug\scenebillborad.obj
c:\users\game114\desktop\後期_卒業制作\編集用ソースコード_まとめ\02_プレアルファ版\01_プレアルファ版\debug\scenemeshfiled.obj
c:\users\game114\desktop\後期_卒業制作\編集用ソースコード_まとめ\02_プレアルファ版\01_プレアルファ版\debug\sceneorbit.obj
c:\users\game114\desktop\後期_卒業制作\編集用ソースコード_まとめ\02_プレアルファ版\01_プレアルファ版\debug\scenex.obj
c:\users\game114\desktop\後期_卒業制作\編集用ソースコード_まとめ\02_プレアルファ版\01_プレアルファ版\debug\score.obj
c:\users\game114\desktop\後期_卒業制作\編集用ソースコード_まとめ\02_プレアルファ版\01_プレアルファ版\debug\select.obj
c:\users\game114\desktop\後期_卒業制作\編集用ソースコード_まとめ\02_プレアルファ版\01_プレアルファ版\debug\sound.obj
c:\users\game114\desktop\後期_卒業制作\編集用ソースコード_まとめ\02_プレアルファ版\01_プレアルファ版\debug\speedplayer.obj
c:\users\game114\desktop\後期_卒業制作\編集用ソースコード_まとめ\02_プレアルファ版\01_プレアルファ版\debug\spherecollider.obj
c:\users\game114\desktop\後期_卒業制作\編集用ソースコード_まとめ\02_プレアルファ版\01_プレアルファ版\debug\squarecollider2d.obj
c:\users\game114\desktop\後期_卒業制作\編集用ソースコード_まとめ\02_プレアルファ版\01_プレアルファ版\debug\territory.obj
c:\users\game114\desktop\後期_卒業制作\編集用ソースコード_まとめ\02_プレアルファ版\01_プレアルファ版\debug\timer.obj
c:\users\game114\desktop\後期_卒業制作\編集用ソースコード_まとめ\02_プレアルファ版\01_プレアルファ版\debug\timerlogo.obj
c:\users\game114\desktop\後期_卒業制作\編集用ソースコード_まとめ\02_プレアルファ版\01_プレアルファ版\debug\title.obj
c:\users\game114\desktop\後期_卒業制作\編集用ソースコード_まとめ\02_プレアルファ版\01_プレアルファ版\debug\tutorial.obj
c:\users\game114\desktop\後期_卒業制作\編集用ソースコード_まとめ\02_プレアルファ版\01_プレアルファ版\debug\light.obj
c:\users\game114\desktop\後期_卒業制作\編集用ソースコード_まとめ\02_プレアルファ版\01_プレアルファ版\debug\line.obj
c:\users\game114\desktop\後期_卒業制作\編集用ソースコード_まとめ\02_プレアルファ版\01_プレアルファ版\debug\loadeffect.obj
c:\users\game114\desktop\後期_卒業制作\編集用ソースコード_まとめ\02_プレアルファ版\01_プレアルファ版\debug\loadtext.obj
c:\users\game114\desktop\後期_卒業制作\編集用ソースコード_まとめ\02_プレアルファ版\01_プレアルファ版\debug\logo.obj
c:\users\game114\desktop\後期_卒業制作\編集用ソースコード_まとめ\02_プレアルファ版\01_プレアルファ版\debug\main.obj
c:\users\game114\desktop\後期_卒業制作\編集用ソースコード_まとめ\02_プレアルファ版\01_プレアルファ版\debug\manager.obj
c:\users\game114\desktop\後期_卒業制作\編集用ソースコード_まとめ\02_プレアルファ版\01_プレアルファ版\debug\meshcollider.obj
c:\users\game114\desktop\後期_卒業制作\編集用ソースコード_まとめ\02_プレアルファ版\01_プレアルファ版\debug\meshsphere.obj
c:\users\game114\desktop\後期_卒業制作\編集用ソースコード_まとめ\02_プレアルファ版\01_プレアルファ版\debug\minimap.obj
c:\users\game114\desktop\後期_卒業制作\編集用ソースコード_まとめ\02_プレアルファ版\01_プレアルファ版\debug\modebase.obj
c:\users\game114\desktop\後期_卒業制作\編集用ソースコード_まとめ\02_プレアルファ版\01_プレアルファ版\debug\model.obj
c:\users\game114\desktop\後期_卒業制作\編集用ソースコード_まとめ\02_プレアルファ版\01_プレアルファ版\debug\motion.obj
c:\users\game114\desktop\後期_卒業制作\編集用ソースコード_まとめ\02_プレアルファ版\01_プレアルファ版\debug\number2d.obj
c:\users\game114\desktop\後期_卒業制作\編集用ソースコード_まとめ\02_プレアルファ版\01_プレアルファ版\debug\objbase.obj
c:\users\game114\desktop\後期_卒業制作\編集用ソースコード_まとめ\02_プレアルファ版\01_プレアルファ版\debug\particle.obj
c:\users\game114\desktop\後期_卒業制作\編集用ソースコード_まとめ\02_プレアルファ版\01_プレアルファ版\debug\pause.obj
c:\users\game114\desktop\後期_卒業制作\編集用ソースコード_まとめ\02_プレアルファ版\01_プレアルファ版\debug\player.obj
c:\users\game114\desktop\後期_卒業制作\編集用ソースコード_まとめ\02_プレアルファ版\01_プレアルファ版\debug\playerattackspherecollider.obj
c:\users\game114\desktop\後期_卒業制作\編集用ソースコード_まとめ\02_プレアルファ版\01_プレアルファ版\debug\ranking.obj
c:\users\game114\desktop\後期_卒業制作\編集用ソースコード_まとめ\02_プレアルファ版\01_プレアルファ版\debug\coldispsphere.obj
c:\users\game114\desktop\後期_卒業制作\編集用ソースコード_まとめ\02_プレアルファ版\01_プレアルファ版\debug\collider.obj
c:\users\game114\desktop\後期_卒業制作\編集用ソースコード_まとめ\02_プレアルファ版\01_プレアルファ版\debug\collidermanager.obj
c:\users\game114\desktop\後期_卒業制作\編集用ソースコード_まとめ\02_プレアルファ版\01_プレアルファ版\debug\cylindercollider.obj
c:\users\game114\desktop\後期_卒業制作\編集用ソースコード_まとめ\02_プレアルファ版\01_プレアルファ版\debug\effecttool.obj
c:\users\game114\desktop\後期_卒業制作\編集用ソースコード_まとめ\02_プレアルファ版\01_プレアルファ版\debug\enemy.obj
c:\users\game114\desktop\後期_卒業制作\編集用ソースコード_まとめ\02_プレアルファ版\01_プレアルファ版\debug\enemyattackspherecollider.obj
c:\users\game114\desktop\後期_卒業制作\編集用ソースコード_まとめ\02_プレアルファ版\01_プレアルファ版\debug\fade.obj
c:\users\game114\desktop\後期_卒業制作\編集用ソースコード_まとめ\02_プレアルファ版\01_プレアルファ版\debug\functionlib.obj
c:\users\game114\desktop\後期_卒業制作\編集用ソースコード_まとめ\02_プレアルファ版\01_プレアルファ版\debug\game.obj
c:\users\game114\desktop\後期_卒業制作\編集用ソースコード_まとめ\02_プレアルファ版\01_プレアルファ版\debug\gamepad.obj
c:\users\game114\desktop\後期_卒業制作\編集用ソースコード_まとめ\02_プレアルファ版\01_プレアルファ版\debug\imgui.obj
c:\users\game114\desktop\後期_卒業制作\編集用ソースコード_まとめ\02_プレアルファ版\01_プレアルファ版\debug\imgui_demo.obj
c:\users\game114\desktop\後期_卒業制作\編集用ソースコード_まとめ\02_プレアルファ版\01_プレアルファ版\debug\imgui_draw.obj
c:\users\game114\desktop\後期_卒業制作\編集用ソースコード_まとめ\02_プレアルファ版\01_プレアルファ版\debug\imgui_impl_dx9.obj
c:\users\game114\desktop\後期_卒業制作\編集用ソースコード_まとめ\02_プレアルファ版\01_プレアルファ版\debug\imgui_impl_win32.obj
c:\users\game114\desktop\後期_卒業制作\編集用ソースコード_まとめ\02_プレアルファ版\01_プレアルファ版\debug\imgui_widgets.obj
c:\users\game114\desktop\後期_卒業制作\編集用ソースコード_まとめ\02_プレアルファ版\01_プレアルファ版\debug\input.obj
c:\users\game114\desktop\後期_卒業制作\編集用ソースコード_まとめ\02_プレアルファ版\01_プレアルファ版\debug\bottun.obj
c:\users\game114\desktop\後期_卒業制作\編集用ソースコード_まとめ\02_プレアルファ版\01_プレアルファ版\debug\boxcollider.obj
c:\users\game114\desktop\後期_卒業制作\編集用ソースコード_まとめ\02_プレアルファ版\01_プレアルファ版\debug\camera.obj
c:\users\game114\desktop\後期_卒業制作\編集用ソースコード_まとめ\02_プレアルファ版\01_プレアルファ版\debug\character.obj
c:\users\game114\desktop\後期_卒業制作\編集用ソースコード_まとめ\02_プレアルファ版\01_プレアルファ版\debug\circlecollider2d.obj
c:\users\game114\desktop\後期_卒業制作\編集用ソースコード_まとめ\02_プレアルファ版\01_プレアルファ版\debug\gui.obj
c:\users\game114\desktop\後期_卒業制作\編集用ソースコード_まとめ\02_プレアルファ版\01_プレアルファ版\debug\debugwindow.obj
c:\users\game114\desktop\後期_卒業制作\編集用ソースコード_まとめ\02_プレアルファ版\01_プレアルファ版\debug\aicontroller.obj
c:\users\game114\desktop\後期_卒業制作\編集用ソースコード_まとめ\02_プレアルファ版\01_プレアルファ版\debug\01_プレアルファ版.ilk
c:\users\game114\desktop\後期_卒業制作\編集用ソースコード_まとめ\02_プレアルファ版\01_プレアルファ版\debug\01_プレアルファ版.exe
c:\users\game114\desktop\後期_卒業制作\編集用ソースコード_まとめ\02_プレアルファ版\01_プレアルファ版\debug\01_プレアルファ版.pdb
c:\users\game114\desktop\後期_卒業制作\編集用ソースコード_まとめ\02_プレアルファ版\01_プレアルファ版\debug\01_プレアルファ版.tlog\cl.command.1.tlog
c:\users\game114\desktop\後期_卒業制作\編集用ソースコード_まとめ\02_プレアルファ版\01_プレアルファ版\debug\01_プレアルファ版.tlog\cl.read.1.tlog
c:\users\game114\desktop\後期_卒業制作\編集用ソースコード_まとめ\02_プレアルファ版\01_プレアルファ版\debug\01_プレアルファ版.tlog\cl.write.1.tlog
c:\users\game114\desktop\後期_卒業制作\編集用ソースコード_まとめ\02_プレアルファ版\01_プレアルファ版\debug\01_プレアルファ版.tlog\link.command.1.tlog
c:\users\game114\desktop\後期_卒業制作\編集用ソースコード_まとめ\02_プレアルファ版\01_プレアルファ版\debug\01_プレアルファ版.tlog\link.read.1.tlog
c:\users\game114\desktop\後期_卒業制作\編集用ソースコード_まとめ\02_プレアルファ版\01_プレアルファ版\debug\01_プレアルファ版.tlog\link.write.1.tlog
