  tutorial.cpp
  title.cpp
  timerlogo.cpp
  timer.cpp
  territory.cpp
  squareCollider2D.cpp
  sphereCollider.cpp
  speedplayer.cpp
  sound.cpp
  select.cpp
  score.cpp
  sceneX.cpp
  sceneOrbit.cpp
  sceneMeshfiled.cpp
  sceneBillBorad.cpp
  scene3D.cpp
  scene2D.cpp
  scene.cpp
  result.cpp
  renderer.cpp
  コードを生成中...
  コンパイル中...
  ranking.cpp
  playerAttackSphereCollider.cpp
  player.cpp
  pause.cpp
  particle.cpp
  objbase.cpp
  number2D.cpp
  motion.cpp
  model.cpp
  modebase.cpp
  minimap.cpp
  meshSphere.cpp
  meshCollider.cpp
  manager.cpp
  main.cpp
  logo.cpp
  loadText.cpp
  loadEffect.cpp
  line.cpp
  light.cpp
  コードを生成中...
  コンパイル中...
  input.cpp
  imgui_widgets.cpp
  imgui_impl_win32.cpp
  imgui_impl_dx9.cpp
  imgui_draw.cpp
  imgui_demo.cpp
  imgui.cpp
  GUI.cpp
  gamepad.cpp
  game.cpp
  functionlib.cpp
  fade.cpp
  enemyAttackSphereCollider.cpp
  enemy.cpp
  effecttool.cpp
  debugwindow.cpp
  cylinderCollider.cpp
  colliderManager.cpp
  collider.cpp
  colDispSphere.cpp
  コードを生成中...
  コンパイル中...
  circleCollider2D.cpp
  character.cpp
  camera.cpp
  boxCollider.cpp
  bottun.cpp
  コードを生成中...
  卒業制作.vcxproj -> C:\Users\game127\Documents\GitHub\TeamC-Graduate-work\03_プロトタイプ版(10月24日〆)\プロトタイプ版のマスター_ver2\Debug\卒業制作.exe
  卒業制作.vcxproj -> C:\Users\game127\Documents\GitHub\TeamC-Graduate-work\03_プロトタイプ版(10月24日〆)\プロトタイプ版のマスター_ver2\Debug\卒業制作.pdb (Full PDB)
